android/app/build/intermediates/manifest_merge_blame_file/release/manifest-merger-blame-release-report.txt
1<?xml version="1.0" encoding="utf-8"?>
2<manifest xmlns:android="http://schemas.android.com/apk/res/android"
3    package="com.mjsons"
4    android:versionCode="9"
5    android:versionName="1.0.8" >
6
7    <uses-sdk
8        android:minSdkVersion="21"
8-->src/main/AndroidManifest.xml
9        android:targetSdkVersion="33" />
9-->src/main/AndroidManifest.xml
10
11    <uses-permission android:name="android.permission.INTERNET" />
11-->src/main/AndroidManifest.xml:3:3-65
11-->src/main/AndroidManifest.xml:3:20-62
12    <uses-permission android:name="android.permission.CAMERA" />
12-->src/main/AndroidManifest.xml:4:3-62
12-->src/main/AndroidManifest.xml:4:20-60
13    <uses-permission android:name="android.permission.RECEIVE_BOOT_COMPLETED" />
13-->src/main/AndroidManifest.xml:5:3-79
13-->src/main/AndroidManifest.xml:5:20-76
14    <uses-permission android:name="android.permission.VIBRATE" />
14-->src/main/AndroidManifest.xml:6:3-64
14-->src/main/AndroidManifest.xml:6:20-61
15
16    <uses-feature
16-->src/main/AndroidManifest.xml:7:3-83
17        android:name="android.hardware.camera"
17-->src/main/AndroidManifest.xml:7:17-55
18        android:required="false" />
18-->src/main/AndroidManifest.xml:7:56-80
19    <uses-feature
19-->src/main/AndroidManifest.xml:8:3-89
20        android:name="android.hardware.camera.front"
20-->src/main/AndroidManifest.xml:8:17-61
21        android:required="false" />
21-->src/main/AndroidManifest.xml:8:62-86
22
23    <uses-permission android:name="android.permission.WAKE_LOCK" />
23-->[:react-native-firebase_messaging] AndroidManifest.xml:12:5-68
23-->[:react-native-firebase_messaging] AndroidManifest.xml:12:22-65
24    <uses-permission android:name="android.permission.ACCESS_NETWORK_STATE" />
24-->[:react-native-firebase_messaging] AndroidManifest.xml:13:5-79
24-->[:react-native-firebase_messaging] AndroidManifest.xml:13:22-76
25    <uses-permission android:name="android.permission.WRITE_EXTERNAL_STORAGE" /> <!-- Required by older versions of Google Play services to create IID tokens -->
25-->[:react-native-image-crop-picker] AndroidManifest.xml:10:5-81
25-->[:react-native-image-crop-picker] AndroidManifest.xml:10:22-78
26    <uses-permission android:name="com.google.android.c2dm.permission.RECEIVE" />
26-->[com.google.firebase:firebase-iid:21.0.1] AndroidManifest.xml:26:5-82
26-->[com.google.firebase:firebase-iid:21.0.1] AndroidManifest.xml:26:22-79
27
28    <application
28-->src/main/AndroidManifest.xml:10:3-17:17
29        android:name="com.mjsons.MainApplication"
29-->src/main/AndroidManifest.xml:10:16-47
30        android:allowBackup="false"
30-->src/main/AndroidManifest.xml:10:116-143
31        android:appComponentFactory="androidx.core.app.CoreComponentFactory"
31-->[androidx.core:core:1.1.0] AndroidManifest.xml:24:18-86
32        android:icon="@mipmap/ic_launcher"
32-->src/main/AndroidManifest.xml:10:81-115
33        android:label="@string/app_name"
33-->src/main/AndroidManifest.xml:10:48-80
34        android:largeHeap="true"
34-->src/main/AndroidManifest.xml:10:212-236
35        android:theme="@style/AppTheme"
35-->src/main/AndroidManifest.xml:10:144-175
36        android:usesCleartextTraffic="true" >
36-->src/main/AndroidManifest.xml:10:176-211
37        <activity
37-->src/main/AndroidManifest.xml:11:5-16:16
38            android:name="com.mjsons.MainActivity"
38-->src/main/AndroidManifest.xml:11:15-43
39            android:configChanges="keyboard|keyboardHidden|orientation|screenSize|uiMode"
39-->src/main/AndroidManifest.xml:11:77-154
40            android:exported="true"
40-->src/main/AndroidManifest.xml:11:230-253
41            android:label="@string/app_name"
41-->src/main/AndroidManifest.xml:11:44-76
42            android:launchMode="singleTask"
42-->src/main/AndroidManifest.xml:11:155-186
43            android:screenOrientation="portrait"
43-->src/main/AndroidManifest.xml:11:254-290
44            android:windowSoftInputMode="adjustResize" >
44-->src/main/AndroidManifest.xml:11:187-229
45            <intent-filter>
45-->src/main/AndroidManifest.xml:12:7-15:23
46                <action android:name="android.intent.action.MAIN" />
46-->src/main/AndroidManifest.xml:13:9-61
46-->src/main/AndroidManifest.xml:13:17-58
47
48                <category android:name="android.intent.category.LAUNCHER" />
48-->src/main/AndroidManifest.xml:14:9-69
48-->src/main/AndroidManifest.xml:14:19-66
49            </intent-filter>
50        </activity>
51
52        <service android:name="io.invertase.firebase.messaging.ReactNativeFirebaseMessagingHeadlessService" />
52-->[:react-native-firebase_messaging] AndroidManifest.xml:16:9-111
52-->[:react-native-firebase_messaging] AndroidManifest.xml:16:18-108
53        <service
53-->[:react-native-firebase_messaging] AndroidManifest.xml:17:9-23:19
54            android:name="io.invertase.firebase.messaging.ReactNativeFirebaseMessagingService"
54-->[:react-native-firebase_messaging] AndroidManifest.xml:18:13-95
55            android:exported="false" >
55-->[:react-native-firebase_messaging] AndroidManifest.xml:19:13-37
56            <intent-filter>
56-->[:react-native-firebase_messaging] AndroidManifest.xml:20:13-22:29
57                <action android:name="com.google.firebase.MESSAGING_EVENT" />
57-->[:react-native-firebase_messaging] AndroidManifest.xml:21:17-78
57-->[:react-native-firebase_messaging] AndroidManifest.xml:21:25-75
58            </intent-filter>
59        </service>
60
61        <receiver
61-->[:react-native-firebase_messaging] AndroidManifest.xml:25:9-32:20
62            android:name="io.invertase.firebase.messaging.ReactNativeFirebaseMessagingReceiver"
62-->[:react-native-firebase_messaging] AndroidManifest.xml:26:13-96
63            android:exported="true"
63-->[:react-native-firebase_messaging] AndroidManifest.xml:27:13-36
64            android:permission="com.google.android.c2dm.permission.SEND" >
64-->[:react-native-firebase_messaging] AndroidManifest.xml:28:13-73
65            <intent-filter>
65-->[:react-native-firebase_messaging] AndroidManifest.xml:29:13-31:29
66                <action android:name="com.google.android.c2dm.intent.RECEIVE" />
66-->[:react-native-firebase_messaging] AndroidManifest.xml:30:17-81
66-->[:react-native-firebase_messaging] AndroidManifest.xml:30:25-78
67            </intent-filter>
68        </receiver>
69
70        <meta-data
70-->[:react-native-firebase_messaging] AndroidManifest.xml:34:9-36:36
71            android:name="firebase_messaging_auto_init_enabled"
71-->[:react-native-firebase_messaging] AndroidManifest.xml:35:13-64
72            android:value="true" />
72-->[:react-native-firebase_messaging] AndroidManifest.xml:36:13-33
73        <meta-data
73-->[:react-native-firebase_messaging] AndroidManifest.xml:37:9-39:32
74            android:name="com.google.firebase.messaging.default_notification_channel_id"
74-->[:react-native-firebase_messaging] AndroidManifest.xml:38:13-89
75            android:value="" />
75-->[:react-native-firebase_messaging] AndroidManifest.xml:39:13-29
76        <meta-data
76-->[:react-native-firebase_messaging] AndroidManifest.xml:40:9-42:47
77            android:name="com.google.firebase.messaging.default_notification_color"
77-->[:react-native-firebase_messaging] AndroidManifest.xml:41:13-84
78            android:resource="@color/white" />
78-->[:react-native-firebase_messaging] AndroidManifest.xml:42:13-44
79
80        <provider
80-->[:react-native-image-crop-picker] AndroidManifest.xml:13:9-21:20
81            android:name="androidx.core.content.FileProvider"
81-->[:react-native-image-crop-picker] AndroidManifest.xml:14:13-62
82            android:authorities="com.mjsons.provider"
82-->[:react-native-image-crop-picker] AndroidManifest.xml:15:13-60
83            android:exported="false"
83-->[:react-native-image-crop-picker] AndroidManifest.xml:16:13-37
84            android:grantUriPermissions="true" >
84-->[:react-native-image-crop-picker] AndroidManifest.xml:17:13-47
85            <meta-data
85-->[:react-native-image-crop-picker] AndroidManifest.xml:18:13-20:58
86                android:name="android.support.FILE_PROVIDER_PATHS"
86-->[:react-native-image-crop-picker] AndroidManifest.xml:19:17-67
87                android:resource="@xml/provider_paths" />
87-->[:react-native-image-crop-picker] AndroidManifest.xml:20:17-55
88        </provider>
89
90        <activity
90-->[:react-native-image-crop-picker] AndroidManifest.xml:23:9-25:72
91            android:name="com.yalantis.ucrop.UCropActivity"
91-->[:react-native-image-crop-picker] AndroidManifest.xml:24:13-60
92            android:theme="@style/Theme.AppCompat.Light.NoActionBar" />
92-->[:react-native-image-crop-picker] AndroidManifest.xml:25:13-69
93        <activity
93-->[:react-native-screenguard] AndroidManifest.xml:10:9-12:40
94            android:name="com.screenguard.ScreenGuardColorActivity"
94-->[:react-native-screenguard] AndroidManifest.xml:11:13-68
95            android:exported="false" />
95-->[:react-native-screenguard] AndroidManifest.xml:12:13-37
96
97        <provider
97-->[:react-native-share] AndroidManifest.xml:12:9-20:20
98            android:name="cl.json.RNShareFileProvider"
98-->[:react-native-share] AndroidManifest.xml:13:13-55
99            android:authorities="com.mjsons.rnshare.fileprovider"
99-->[:react-native-share] AndroidManifest.xml:14:13-72
100            android:exported="false"
100-->[:react-native-share] AndroidManifest.xml:15:13-37
101            android:grantUriPermissions="true" >
101-->[:react-native-share] AndroidManifest.xml:16:13-47
102            <meta-data
102-->[:react-native-image-crop-picker] AndroidManifest.xml:18:13-20:58
103                android:name="android.support.FILE_PROVIDER_PATHS"
103-->[:react-native-image-crop-picker] AndroidManifest.xml:19:17-67
104                android:resource="@xml/share_download_paths" />
104-->[:react-native-image-crop-picker] AndroidManifest.xml:20:17-55
105        </provider>
106        <provider
106-->[:react-native-webview] AndroidManifest.xml:12:9-20:20
107            android:name="com.reactnativecommunity.webview.RNCWebViewFileProvider"
107-->[:react-native-webview] AndroidManifest.xml:13:13-83
108            android:authorities="com.mjsons.fileprovider"
108-->[:react-native-webview] AndroidManifest.xml:14:13-64
109            android:exported="false"
109-->[:react-native-webview] AndroidManifest.xml:15:13-37
110            android:grantUriPermissions="true" >
110-->[:react-native-webview] AndroidManifest.xml:16:13-47
111            <meta-data
111-->[:react-native-image-crop-picker] AndroidManifest.xml:18:13-20:58
112                android:name="android.support.FILE_PROVIDER_PATHS"
112-->[:react-native-image-crop-picker] AndroidManifest.xml:19:17-67
113                android:resource="@xml/file_provider_paths" />
113-->[:react-native-image-crop-picker] AndroidManifest.xml:20:17-55
114        </provider>
115        <!--
116             FirebaseMessagingService performs security checks at runtime,
117             but set to not exported to explicitly avoid allowing another app to call it.
118        -->
119        <service
119-->[com.google.firebase:firebase-messaging:21.0.1] AndroidManifest.xml:28:9-35:19
120            android:name="com.google.firebase.messaging.FirebaseMessagingService"
120-->[com.google.firebase:firebase-messaging:21.0.1] AndroidManifest.xml:29:13-82
121            android:directBootAware="true"
121-->[com.google.firebase:firebase-messaging:21.0.1] AndroidManifest.xml:30:13-43
122            android:exported="false" >
122-->[com.google.firebase:firebase-messaging:21.0.1] AndroidManifest.xml:31:13-37
123            <intent-filter android:priority="-500" >
123-->[:react-native-firebase_messaging] AndroidManifest.xml:20:13-22:29
124                <action android:name="com.google.firebase.MESSAGING_EVENT" />
124-->[:react-native-firebase_messaging] AndroidManifest.xml:21:17-78
124-->[:react-native-firebase_messaging] AndroidManifest.xml:21:25-75
125            </intent-filter>
126        </service>
127        <service
127-->[com.google.firebase:firebase-messaging:21.0.1] AndroidManifest.xml:36:9-42:19
128            android:name="com.google.firebase.components.ComponentDiscoveryService"
128-->[com.google.firebase:firebase-messaging:21.0.1] AndroidManifest.xml:37:13-84
129            android:directBootAware="true"
129-->[com.google.firebase:firebase-common:19.5.0] AndroidManifest.xml:35:13-43
130            android:exported="false" >
130-->[com.google.firebase:firebase-messaging:21.0.1] AndroidManifest.xml:38:13-37
131            <meta-data
131-->[com.google.firebase:firebase-messaging:21.0.1] AndroidManifest.xml:39:13-41:85
132                android:name="com.google.firebase.components:com.google.firebase.messaging.FirebaseMessagingRegistrar"
132-->[com.google.firebase:firebase-messaging:21.0.1] AndroidManifest.xml:40:17-119
133                android:value="com.google.firebase.components.ComponentRegistrar" />
133-->[com.google.firebase:firebase-messaging:21.0.1] AndroidManifest.xml:41:17-82
134            <meta-data
134-->[com.google.firebase:firebase-datatransport:17.0.10] AndroidManifest.xml:28:13-30:85
135                android:name="com.google.firebase.components:com.google.firebase.datatransport.TransportRegistrar"
135-->[com.google.firebase:firebase-datatransport:17.0.10] AndroidManifest.xml:29:17-115
136                android:value="com.google.firebase.components.ComponentRegistrar" />
136-->[com.google.firebase:firebase-datatransport:17.0.10] AndroidManifest.xml:30:17-82
137            <meta-data
137-->[com.google.firebase:firebase-iid:21.0.1] AndroidManifest.xml:32:13-34:85
138                android:name="com.google.firebase.components:com.google.firebase.iid.Registrar"
138-->[com.google.firebase:firebase-iid:21.0.1] AndroidManifest.xml:33:17-96
139                android:value="com.google.firebase.components.ComponentRegistrar" />
139-->[com.google.firebase:firebase-iid:21.0.1] AndroidManifest.xml:34:17-82
140            <meta-data
140-->[com.google.firebase:firebase-installations:16.3.5] AndroidManifest.xml:18:13-20:85
141                android:name="com.google.firebase.components:com.google.firebase.installations.FirebaseInstallationsRegistrar"
141-->[com.google.firebase:firebase-installations:16.3.5] AndroidManifest.xml:19:17-127
142                android:value="com.google.firebase.components.ComponentRegistrar" />
142-->[com.google.firebase:firebase-installations:16.3.5] AndroidManifest.xml:20:17-82
143            <!--
144                This registrar is not defined in the dynamic-module-support sdk itself to allow non-firebase
145                clients to use it as well, by defining this registrar in their own core/common library.
146            -->
147            <meta-data
147-->[com.google.firebase:firebase-common:19.5.0] AndroidManifest.xml:43:13-45:85
148                android:name="com.google.firebase.components:com.google.firebase.dynamicloading.DynamicLoadingRegistrar"
148-->[com.google.firebase:firebase-common:19.5.0] AndroidManifest.xml:44:17-121
149                android:value="com.google.firebase.components.ComponentRegistrar" />
149-->[com.google.firebase:firebase-common:19.5.0] AndroidManifest.xml:45:17-82
150        </service>
151        <service
151-->[com.google.android.datatransport:transport-backend-cct:2.3.3] AndroidManifest.xml:29:9-35:19
152            android:name="com.google.android.datatransport.runtime.backends.TransportBackendDiscovery"
152-->[com.google.android.datatransport:transport-backend-cct:2.3.3] AndroidManifest.xml:30:13-103
153            android:exported="false" >
153-->[com.google.android.datatransport:transport-backend-cct:2.3.3] AndroidManifest.xml:31:13-37
154            <meta-data
154-->[com.google.android.datatransport:transport-backend-cct:2.3.3] AndroidManifest.xml:32:13-34:39
155                android:name="backend:com.google.android.datatransport.cct.CctBackendFactory"
155-->[com.google.android.datatransport:transport-backend-cct:2.3.3] AndroidManifest.xml:33:17-94
156                android:value="cct" />
156-->[com.google.android.datatransport:transport-backend-cct:2.3.3] AndroidManifest.xml:34:17-36
157        </service>
158        <service
158-->[com.google.android.datatransport:transport-runtime:2.2.5] AndroidManifest.xml:26:9-30:19
159            android:name="com.google.android.datatransport.runtime.scheduling.jobscheduling.JobInfoSchedulerService"
159-->[com.google.android.datatransport:transport-runtime:2.2.5] AndroidManifest.xml:27:13-117
160            android:exported="false"
160-->[com.google.android.datatransport:transport-runtime:2.2.5] AndroidManifest.xml:28:13-37
161            android:permission="android.permission.BIND_JOB_SERVICE" >
161-->[com.google.android.datatransport:transport-runtime:2.2.5] AndroidManifest.xml:29:13-69
162        </service>
163
164        <receiver
164-->[com.google.android.datatransport:transport-runtime:2.2.5] AndroidManifest.xml:32:9-34:40
165            android:name="com.google.android.datatransport.runtime.scheduling.jobscheduling.AlarmManagerSchedulerBroadcastReceiver"
165-->[com.google.android.datatransport:transport-runtime:2.2.5] AndroidManifest.xml:33:13-132
166            android:exported="false" />
166-->[com.google.android.datatransport:transport-runtime:2.2.5] AndroidManifest.xml:34:13-37
167
168        <meta-data
168-->[com.github.bumptech.glide:okhttp3-integration:4.11.0] AndroidManifest.xml:11:9-13:43
169            android:name="com.bumptech.glide.integration.okhttp3.OkHttpGlideModule"
169-->[com.github.bumptech.glide:okhttp3-integration:4.11.0] AndroidManifest.xml:12:13-84
170            android:value="GlideModule" />
170-->[com.github.bumptech.glide:okhttp3-integration:4.11.0] AndroidManifest.xml:13:13-40
171
172        <activity
172-->[com.google.android.gms:play-services-auth:19.0.0] AndroidManifest.xml:23:9-27:75
173            android:name="com.google.android.gms.auth.api.signin.internal.SignInHubActivity"
173-->[com.google.android.gms:play-services-auth:19.0.0] AndroidManifest.xml:24:13-93
174            android:excludeFromRecents="true"
174-->[com.google.android.gms:play-services-auth:19.0.0] AndroidManifest.xml:25:13-46
175            android:exported="false"
175-->[com.google.android.gms:play-services-auth:19.0.0] AndroidManifest.xml:26:13-37
176            android:theme="@android:style/Theme.Translucent.NoTitleBar" />
176-->[com.google.android.gms:play-services-auth:19.0.0] AndroidManifest.xml:27:13-72
177        <!--
178            Service handling Google Sign-In user revocation. For apps that do not integrate with
179            Google Sign-In, this service will never be started.
180        -->
181        <service
181-->[com.google.android.gms:play-services-auth:19.0.0] AndroidManifest.xml:33:9-37:51
182            android:name="com.google.android.gms.auth.api.signin.RevocationBoundService"
182-->[com.google.android.gms:play-services-auth:19.0.0] AndroidManifest.xml:34:13-89
183            android:exported="true"
183-->[com.google.android.gms:play-services-auth:19.0.0] AndroidManifest.xml:35:13-36
184            android:permission="com.google.android.gms.auth.api.signin.permission.REVOCATION_NOTIFICATION"
184-->[com.google.android.gms:play-services-auth:19.0.0] AndroidManifest.xml:36:13-107
185            android:visibleToInstantApps="true" />
185-->[com.google.android.gms:play-services-auth:19.0.0] AndroidManifest.xml:37:13-48
186
187        <receiver
187-->[com.google.firebase:firebase-iid:21.0.1] AndroidManifest.xml:37:9-44:20
188            android:name="com.google.firebase.iid.FirebaseInstanceIdReceiver"
188-->[com.google.firebase:firebase-iid:21.0.1] AndroidManifest.xml:38:13-78
189            android:exported="true"
189-->[com.google.firebase:firebase-iid:21.0.1] AndroidManifest.xml:39:13-36
190            android:permission="com.google.android.c2dm.permission.SEND" >
190-->[com.google.firebase:firebase-iid:21.0.1] AndroidManifest.xml:40:13-73
191            <intent-filter>
191-->[:react-native-firebase_messaging] AndroidManifest.xml:29:13-31:29
192                <action android:name="com.google.android.c2dm.intent.RECEIVE" />
192-->[:react-native-firebase_messaging] AndroidManifest.xml:30:17-81
192-->[:react-native-firebase_messaging] AndroidManifest.xml:30:25-78
193            </intent-filter>
194        </receiver>
195
196        <activity
196-->[com.google.android.gms:play-services-base:17.1.0] AndroidManifest.xml:23:9-26:75
197            android:name="com.google.android.gms.common.api.GoogleApiActivity"
197-->[com.google.android.gms:play-services-base:17.1.0] AndroidManifest.xml:24:13-79
198            android:exported="false"
198-->[com.google.android.gms:play-services-base:17.1.0] AndroidManifest.xml:25:13-37
199            android:theme="@android:style/Theme.Translucent.NoTitleBar" />
199-->[com.google.android.gms:play-services-base:17.1.0] AndroidManifest.xml:26:13-72
200
201        <provider
201-->[com.google.firebase:firebase-common:19.5.0] AndroidManifest.xml:26:9-31:39
202            android:name="com.google.firebase.provider.FirebaseInitProvider"
202-->[com.google.firebase:firebase-common:19.5.0] AndroidManifest.xml:27:13-77
203            android:authorities="com.mjsons.firebaseinitprovider"
203-->[com.google.firebase:firebase-common:19.5.0] AndroidManifest.xml:28:13-72
204            android:directBootAware="true"
204-->[com.google.firebase:firebase-common:19.5.0] AndroidManifest.xml:29:13-43
205            android:exported="false"
205-->[com.google.firebase:firebase-common:19.5.0] AndroidManifest.xml:30:13-37
206            android:initOrder="100" />
206-->[com.google.firebase:firebase-common:19.5.0] AndroidManifest.xml:31:13-36
207
208        <meta-data
208-->[com.google.android.gms:play-services-basement:17.1.1] AndroidManifest.xml:23:9-25:69
209            android:name="com.google.android.gms.version"
209-->[com.google.android.gms:play-services-basement:17.1.1] AndroidManifest.xml:24:13-58
210            android:value="@integer/google_play_services_version" />
210-->[com.google.android.gms:play-services-basement:17.1.1] AndroidManifest.xml:25:13-66
211    </application>
212
213</manifest>